2025-08-24T17:35:07.741Z [INFO]: Starting App
2025-08-24T17:35:07.743Z [INFO]: Initializing services
2025-08-24T17:35:07.743Z [INFO]: BoilerPlate Initialized
2025-08-24T17:35:07.747Z [INFO]: Server running on port 5000
2025-08-24T19:14:30.912Z [INFO]: MongoDB connection closed
2025-08-24T19:14:43.046Z [INFO]: Starting App
2025-08-24T19:14:43.050Z [INFO]: Initializing services
2025-08-24T19:14:43.050Z [INFO]: BoilerPlate Initialized
2025-08-24T19:14:43.057Z [INFO]: Server running on port 5000
2025-08-24T19:16:51.741Z [ERROR]: Validation error: "port" is required
2025-08-24T19:18:58.241Z [ERROR]: Validation error: "host" is not allowed
2025-08-24T19:19:06.750Z [INFO]: MongoDB connection closed
2025-08-24T19:19:11.103Z [INFO]: Starting App
2025-08-24T19:19:11.106Z [INFO]: Initializing services
2025-08-24T19:19:11.107Z [INFO]: BoilerPlate Initialized
2025-08-24T19:19:11.113Z [INFO]: Server running on port 5000
2025-08-24T19:23:15.055Z [INFO]: MongoDB connection closed
2025-08-24T19:23:29.826Z [INFO]: Starting App
2025-08-24T19:23:29.827Z [INFO]: Initializing services
2025-08-24T19:23:29.828Z [INFO]: BoilerPlate Initialized
2025-08-24T19:23:29.830Z [INFO]: Server running on port 5000
2025-08-24T19:24:07.258Z [INFO]: MongoDB connection closed
2025-10-01T10:58:01.263Z [INFO]: Starting App
2025-10-01T10:58:01.265Z [INFO]: Initializing services
2025-10-01T10:58:01.265Z [INFO]: Initializing Postgres service
2025-10-01T10:58:01.265Z [INFO]: ⏳ Initializing PostgreSQL connection...
2025-10-01T10:58:01.285Z [ERROR]: ❌ PostgreSQL connection failed database "mydb" does not exist
2025-10-01T10:59:54.087Z [INFO]: Starting App
2025-10-01T10:59:54.089Z [INFO]: Initializing services
2025-10-01T10:59:54.089Z [INFO]: Initializing Postgres service
2025-10-01T10:59:54.089Z [INFO]: ⏳ Initializing PostgreSQL connection...
2025-10-01T10:59:54.115Z [INFO]: ✅ Connected to PostgreSQL successfully
2025-10-01T10:59:54.115Z [INFO]: Initializing Redis service
2025-10-01T10:59:54.116Z [INFO]: ⏳ Initializing Redis client...
2025-10-01T10:59:54.154Z [ERROR]: Redis Client Error:
2025-10-01T10:59:54.369Z [ERROR]: Redis Client Error:
2025-10-01T10:59:54.638Z [ERROR]: Redis Client Error:
2025-10-01T10:59:55.030Z [ERROR]: Redis Client Error:
2025-10-01T10:59:55.590Z [ERROR]: Redis Client Error:
2025-10-01T10:59:56.096Z [INFO]: MongoDB connection closed
2025-10-01T11:02:11.282Z [INFO]: Starting App
2025-10-01T11:02:11.284Z [INFO]: Initializing services
2025-10-01T11:02:11.284Z [INFO]: Initializing Postgres service
2025-10-01T11:02:11.284Z [INFO]: ⏳ Initializing PostgreSQL connection...
2025-10-01T11:02:11.305Z [INFO]: ✅ Connected to PostgreSQL successfully
2025-10-01T11:02:11.305Z [INFO]: Initializing Redis service
2025-10-01T11:02:11.305Z [INFO]: ⏳ Initializing Redis client...
2025-10-01T11:02:11.358Z [INFO]: Connected to Redis at localhost:6379
2025-10-01T11:02:11.358Z [INFO]: BoilerPlate Initialized
2025-10-01T11:02:11.361Z [INFO]: Server running on port 5000
2025-10-01T11:02:13.674Z [INFO]: MongoDB connection closed
2025-10-01T18:36:28.147Z [INFO]: Starting App
2025-10-01T18:36:28.148Z [INFO]: Initializing services
2025-10-01T18:36:28.148Z [INFO]: BoilerPlate Initialized
2025-10-01T18:36:28.151Z [INFO]: Server running on port 5000
2025-10-01T18:36:30.993Z [INFO]: MongoDB connection closed
2025-10-01T18:36:57.584Z [INFO]: Starting App
2025-10-01T18:36:57.585Z [INFO]: Initializing services
2025-10-01T18:36:57.585Z [INFO]: Initializing Kafka service
2025-10-01T18:36:59.547Z [INFO]: MongoDB connection closed
2025-10-01T18:38:49.985Z [INFO]: Starting App
2025-10-01T18:38:49.986Z [INFO]: Initializing services
2025-10-01T18:38:49.986Z [INFO]: Initializing Kafka service
2025-10-01T18:38:50.005Z [INFO]: Kafka producer (documentAnalyzer) connected
2025-10-01T18:38:50.005Z [INFO]: Kafka producers initialized
2025-10-01T18:38:50.008Z [INFO]: Kafka consumer (healthConsumer) connected
2025-10-01T18:44:19.176Z [INFO]: Starting App
2025-10-01T18:44:19.177Z [INFO]: Initializing services
2025-10-01T18:44:19.177Z [INFO]: Initializing Kafka service
2025-10-01T18:44:19.194Z [INFO]: Kafka producer (documentAnalyzer) connected
2025-10-01T18:44:19.194Z [INFO]: Kafka producers initialized
2025-10-01T18:44:19.196Z [INFO]: Kafka consumer (healthConsumer) connected
2025-10-01T18:44:19.215Z [ERROR]: Failed to initialize Kafka healthConsumer: This server does not host this topic-partition
2025-10-01T18:46:14.701Z [INFO]: Starting App
2025-10-01T18:46:14.702Z [INFO]: Initializing services
2025-10-01T18:46:14.702Z [INFO]: Initializing Kafka service
2025-10-01T18:46:14.719Z [INFO]: Kafka producer (documentAnalyzer) connected
2025-10-01T18:46:14.719Z [INFO]: Kafka producers initialized
2025-10-01T18:46:14.722Z [INFO]: Kafka consumer (healthConsumer) connected
2025-10-01T18:46:14.727Z [INFO]: Subscribed to Kafka topic "health-topic"
2025-10-01T18:46:14.728Z [INFO]: Kafka consumers initialized
2025-10-01T18:46:14.728Z [INFO]: All Kafka producers and consumers initialized successfully
2025-10-01T18:46:14.728Z [INFO]: BoilerPlate Initialized
2025-10-01T18:46:14.730Z [INFO]: Server running on port 5000
2025-10-01T18:46:17.319Z [INFO]: MongoDB connection closed
